<?xml version="1.0" encoding="UTF-8"?>
<testsuite xmlns:xsi="http://www.w3.org/2001/XMLSchema-instance" xsi:noNamespaceSchemaLocation="https://maven.apache.org/surefire/maven-surefire-plugin/xsd/surefire-test-report-3.0.xsd" version="3.0" name="stepdefinition.CucumberRunnerTest" time="33.72" tests="2" errors="0" skipped="0" failures="0">
  <properties>
    <property name="sun.desktop" value="gnome"/>
    <property name="awt.toolkit" value="sun.awt.X11.XToolkit"/>
    <property name="file.encoding.pkg" value="sun.io"/>
    <property name="java.specification.version" value="1.8"/>
    <property name="sun.cpu.isalist" value=""/>
    <property name="sun.jnu.encoding" value="UTF-8"/>
    <property name="java.class.path" value="/snap/intellij-idea-community/252/plugins/maven/lib/maven3/boot/plexus-classworlds-2.6.0.jar:/snap/intellij-idea-community/252/plugins/maven/lib/maven3/boot/plexus-classworlds.license:/snap/intellij-idea-community/252/lib/idea_rt.jar"/>
    <property name="forkCount" value="0"/>
    <property name="java.vm.vendor" value="Private Build"/>
    <property name="sun.arch.data.model" value="64"/>
    <property name="java.vendor.url" value="http://java.oracle.com/"/>
    <property name="user.timezone" value="Europe/Zaporozhye"/>
    <property name="maven.conf" value="/snap/intellij-idea-community/252/plugins/maven/lib/maven3/conf"/>
    <property name="os.name" value="Linux"/>
    <property name="java.vm.specification.version" value="1.8"/>
    <property name="user.country" value="UA"/>
    <property name="sun.java.launcher" value="SUN_STANDARD"/>
    <property name="sun.boot.library.path" value="/usr/lib/jvm/java-8-openjdk-amd64/jre/lib/amd64"/>
    <property name="sun.java.command" value="org.codehaus.classworlds.Launcher -Didea.version=2020.2.2 clean test -DforkCount=0"/>
    <property name="maven.home" value="/snap/intellij-idea-community/252/plugins/maven/lib/maven3"/>
    <property name="surefire.test.class.path" value="/home/vlad/IdeaProjects/BDD_FirstJob/target/test-classes:/home/vlad/IdeaProjects/BDD_FirstJob/target/classes:/home/vlad/.m2/repository/net/masterthought/cucumber-reporting/4.0.0/cucumber-reporting-4.0.0.jar:/home/vlad/.m2/repository/com/fasterxml/jackson/core/jackson-databind/2.9.6/jackson-databind-2.9.6.jar:/home/vlad/.m2/repository/com/fasterxml/jackson/core/jackson-annotations/2.9.0/jackson-annotations-2.9.0.jar:/home/vlad/.m2/repository/com/fasterxml/jackson/core/jackson-core/2.9.6/jackson-core-2.9.6.jar:/home/vlad/.m2/repository/org/apache/velocity/velocity/1.7/velocity-1.7.jar:/home/vlad/.m2/repository/commons-collections/commons-collections/3.2.1/commons-collections-3.2.1.jar:/home/vlad/.m2/repository/commons-lang/commons-lang/2.4/commons-lang-2.4.jar:/home/vlad/.m2/repository/velocity-tools/velocity-tools/1.4/velocity-tools-1.4.jar:/home/vlad/.m2/repository/joda-time/joda-time/2.10/joda-time-2.10.jar:/home/vlad/.m2/repository/org/apache/commons/commons-lang3/3.7/commons-lang3-3.7.jar:/home/vlad/.m2/repository/commons-io/commons-io/2.6/commons-io-2.6.jar:/home/vlad/.m2/repository/net/lingala/zip4j/zip4j/1.3.2/zip4j-1.3.2.jar:/home/vlad/.m2/repository/org/codehaus/plexus/plexus-utils/3.1.0/plexus-utils-3.1.0.jar:/home/vlad/.m2/repository/org/jsoup/jsoup/1.11.3/jsoup-1.11.3.jar:/home/vlad/.m2/repository/com/googlecode/owasp-java-html-sanitizer/owasp-java-html-sanitizer/20180219.1/owasp-java-html-sanitizer-20180219.1.jar:/home/vlad/.m2/repository/commons-configuration/commons-configuration/1.10/commons-configuration-1.10.jar:/home/vlad/.m2/repository/commons-logging/commons-logging/1.1.1/commons-logging-1.1.1.jar:/home/vlad/.m2/repository/org/seleniumhq/selenium/selenium-java/3.141.59/selenium-java-3.141.59.jar:/home/vlad/.m2/repository/org/seleniumhq/selenium/selenium-api/3.141.59/selenium-api-3.141.59.jar:/home/vlad/.m2/repository/org/seleniumhq/selenium/selenium-chrome-driver/3.141.59/selenium-chrome-driver-3.141.59.jar:/home/vlad/.m2/repository/org/seleniumhq/selenium/selenium-edge-driver/3.141.59/selenium-edge-driver-3.141.59.jar:/home/vlad/.m2/repository/org/seleniumhq/selenium/selenium-firefox-driver/3.141.59/selenium-firefox-driver-3.141.59.jar:/home/vlad/.m2/repository/org/seleniumhq/selenium/selenium-ie-driver/3.141.59/selenium-ie-driver-3.141.59.jar:/home/vlad/.m2/repository/org/seleniumhq/selenium/selenium-opera-driver/3.141.59/selenium-opera-driver-3.141.59.jar:/home/vlad/.m2/repository/org/seleniumhq/selenium/selenium-remote-driver/3.141.59/selenium-remote-driver-3.141.59.jar:/home/vlad/.m2/repository/org/seleniumhq/selenium/selenium-safari-driver/3.141.59/selenium-safari-driver-3.141.59.jar:/home/vlad/.m2/repository/org/seleniumhq/selenium/selenium-support/3.141.59/selenium-support-3.141.59.jar:/home/vlad/.m2/repository/net/bytebuddy/byte-buddy/1.8.15/byte-buddy-1.8.15.jar:/home/vlad/.m2/repository/org/apache/commons/commons-exec/1.3/commons-exec-1.3.jar:/home/vlad/.m2/repository/com/google/guava/guava/25.0-jre/guava-25.0-jre.jar:/home/vlad/.m2/repository/com/google/code/findbugs/jsr305/1.3.9/jsr305-1.3.9.jar:/home/vlad/.m2/repository/org/checkerframework/checker-compat-qual/2.0.0/checker-compat-qual-2.0.0.jar:/home/vlad/.m2/repository/com/google/errorprone/error_prone_annotations/2.1.3/error_prone_annotations-2.1.3.jar:/home/vlad/.m2/repository/com/google/j2objc/j2objc-annotations/1.1/j2objc-annotations-1.1.jar:/home/vlad/.m2/repository/org/codehaus/mojo/animal-sniffer-annotations/1.14/animal-sniffer-annotations-1.14.jar:/home/vlad/.m2/repository/com/squareup/okhttp3/okhttp/3.11.0/okhttp-3.11.0.jar:/home/vlad/.m2/repository/com/squareup/okio/okio/1.14.0/okio-1.14.0.jar:/home/vlad/.m2/repository/io/github/bonigarcia/webdrivermanager/4.1.0/webdrivermanager-4.1.0.jar:/home/vlad/.m2/repository/org/slf4j/slf4j-api/1.7.30/slf4j-api-1.7.30.jar:/home/vlad/.m2/repository/com/google/code/gson/gson/2.8.6/gson-2.8.6.jar:/home/vlad/.m2/repository/org/apache/httpcomponents/client5/httpclient5/5.0.1/httpclient5-5.0.1.jar:/home/vlad/.m2/repository/org/apache/httpcomponents/core5/httpcore5/5.0.1/httpcore5-5.0.1.jar:/home/vlad/.m2/repository/org/apache/httpcomponents/core5/httpcore5-h2/5.0.1/httpcore5-h2-5.0.1.jar:/home/vlad/.m2/repository/commons-codec/commons-codec/1.13/commons-codec-1.13.jar:/home/vlad/.m2/repository/org/rauschig/jarchivelib/1.0.0/jarchivelib-1.0.0.jar:/home/vlad/.m2/repository/org/apache/commons/commons-compress/1.18/commons-compress-1.18.jar:/home/vlad/.m2/repository/io/cucumber/cucumber-junit/5.0.0/cucumber-junit-5.0.0.jar:/home/vlad/.m2/repository/org/apiguardian/apiguardian-api/1.1.0/apiguardian-api-1.1.0.jar:/home/vlad/.m2/repository/io/cucumber/cucumber-core/5.0.0/cucumber-core-5.0.0.jar:/home/vlad/.m2/repository/io/cucumber/cucumber-gherkin/5.0.0/cucumber-gherkin-5.0.0.jar:/home/vlad/.m2/repository/io/cucumber/cucumber-gherkin-vintage/5.0.0/cucumber-gherkin-vintage-5.0.0.jar:/home/vlad/.m2/repository/io/cucumber/tag-expressions/2.0.4/tag-expressions-2.0.4.jar:/home/vlad/.m2/repository/io/cucumber/cucumber-expressions/8.3.1/cucumber-expressions-8.3.1.jar:/home/vlad/.m2/repository/io/cucumber/datatable/3.2.0/datatable-3.2.0.jar:/home/vlad/.m2/repository/io/cucumber/cucumber-plugin/5.0.0/cucumber-plugin-5.0.0.jar:/home/vlad/.m2/repository/io/cucumber/docstring/5.0.0/docstring-5.0.0.jar:/home/vlad/.m2/repository/junit/junit/4.13/junit-4.13.jar:/home/vlad/.m2/repository/org/hamcrest/hamcrest-core/1.3/hamcrest-core-1.3.jar:/home/vlad/.m2/repository/io/cucumber/cucumber-java/5.0.0/cucumber-java-5.0.0.jar:"/>
    <property name="sun.cpu.endian" value="little"/>
    <property name="user.home" value="/home/vlad"/>
    <property name="user.language" value="ru"/>
    <property name="java.specification.vendor" value="Oracle Corporation"/>
    <property name="java.home" value="/usr/lib/jvm/java-8-openjdk-amd64/jre"/>
    <property name="basedir" value="/home/vlad/IdeaProjects/BDD_FirstJob"/>
    <property name="file.separator" value="/"/>
    <property name="line.separator" value="&#10;"/>
    <property name="java.vm.specification.vendor" value="Oracle Corporation"/>
    <property name="java.specification.name" value="Java Platform API Specification"/>
    <property name="java.awt.graphicsenv" value="sun.awt.X11GraphicsEnvironment"/>
    <property name="sun.boot.class.path" value="/usr/lib/jvm/java-8-openjdk-amd64/jre/lib/resources.jar:/usr/lib/jvm/java-8-openjdk-amd64/jre/lib/rt.jar:/usr/lib/jvm/java-8-openjdk-amd64/jre/lib/sunrsasign.jar:/usr/lib/jvm/java-8-openjdk-amd64/jre/lib/jsse.jar:/usr/lib/jvm/java-8-openjdk-amd64/jre/lib/jce.jar:/usr/lib/jvm/java-8-openjdk-amd64/jre/lib/charsets.jar:/usr/lib/jvm/java-8-openjdk-amd64/jre/lib/jfr.jar:/usr/lib/jvm/java-8-openjdk-amd64/jre/classes"/>
    <property name="sun.management.compiler" value="HotSpot 64-Bit Tiered Compilers"/>
    <property name="java.runtime.version" value="1.8.0_265-8u265-b01-0ubuntu2~20.04-b01"/>
    <property name="user.name" value="vlad"/>
    <property name="path.separator" value=":"/>
    <property name="securerandom.source" value="file:/dev/./urandom"/>
    <property name="os.version" value="5.4.0-47-generic"/>
    <property name="java.endorsed.dirs" value="/usr/lib/jvm/java-8-openjdk-amd64/jre/lib/endorsed"/>
    <property name="java.runtime.name" value="OpenJDK Runtime Environment"/>
    <property name="file.encoding" value="UTF-8"/>
    <property name="guice.disable.misplaced.annotation.check" value="true"/>
    <property name="java.vm.name" value="OpenJDK 64-Bit Server VM"/>
    <property name="maven.ext.class.path" value="/snap/intellij-idea-community/252/plugins/maven/lib/maven-event-listener.jar"/>
    <property name="localRepository" value="/home/vlad/.m2/repository"/>
    <property name="java.vendor.url.bug" value="http://bugreport.sun.com/bugreport/"/>
    <property name="java.io.tmpdir" value="/tmp"/>
    <property name="idea.version" value="2020.2.2"/>
    <property name="java.version" value="1.8.0_265"/>
    <property name="user.dir" value="/home/vlad/IdeaProjects/BDD_FirstJob"/>
    <property name="os.arch" value="amd64"/>
    <property name="maven.multiModuleProjectDirectory" value="/home/vlad/IdeaProjects/BDD_FirstJob"/>
    <property name="java.vm.specification.name" value="Java Virtual Machine Specification"/>
    <property name="java.awt.printerjob" value="sun.print.PSPrinterJob"/>
    <property name="sun.os.patch.level" value="unknown"/>
    <property name="java.library.path" value="/usr/java/packages/lib/amd64:/usr/lib/x86_64-linux-gnu/jni:/lib/x86_64-linux-gnu:/usr/lib/x86_64-linux-gnu:/usr/lib/jni:/lib:/usr/lib"/>
    <property name="java.vm.info" value="mixed mode"/>
    <property name="java.vendor" value="Private Build"/>
    <property name="java.vm.version" value="25.265-b01"/>
    <property name="classworlds.conf" value="/snap/intellij-idea-community/252/plugins/maven/lib/maven3/bin/m2.conf"/>
    <property name="java.ext.dirs" value="/usr/lib/jvm/java-8-openjdk-amd64/jre/lib/ext:/usr/java/packages/lib/ext"/>
    <property name="sun.io.unicode.encoding" value="UnicodeLittle"/>
    <property name="java.class.version" value="52.0"/>
  </properties>
  <testcase name="Create issues" classname="Create Issues" time="25.999">
    <system-out><![CDATA[
@Regression
Scenario: Create issues               &amp#27;[90m# src/test/resources/features/create_issues.feature:11&amp#27;[0m
  &amp#27;[32mGiven &amp#27;[0m&amp#27;[32mI navigate to Jira Login Page&amp#27;[0m &amp#27;[90m# stepdefinition.StepDefinitions.navigateToLoginPage()&amp#27;[0m
  &amp#27;[32mAnd &amp#27;[0m&amp#27;[32mI enter user name - "&amp#27;[0m&amp#27;[32m&amp#27;[1mwebinar5&amp#27;[0m&amp#27;[32m"&amp#27;[0m  &amp#27;[90m# stepdefinition.StepDefinitions.enterUserName(java.lang.String)&amp#27;[0m
  &amp#27;[32mAnd &amp#27;[0m&amp#27;[32mI enter password - "&amp#27;[0m&amp#27;[32m&amp#27;[1mwebinar5&amp#27;[0m&amp#27;[32m"&amp#27;[0m   &amp#27;[90m# stepdefinition.StepDefinitions.enterPassword(java.lang.String)&amp#27;[0m
  &amp#27;[32mAnd &amp#27;[0m&amp#27;[32mI click on the login button&amp#27;[0m     &amp#27;[90m# stepdefinition.StepDefinitions.clickLoginButton()&amp#27;[0m
  &amp#27;[32mThen &amp#27;[0m&amp#27;[32mI am on the Home Page&amp#27;[0m          &amp#27;[90m# stepdefinition.StepDefinitions.atTheHomePage()&amp#27;[0m
  &amp#27;[32mThen &amp#27;[0m&amp#27;[32mI click on Create button&amp#27;[0m       &amp#27;[90m# stepdefinition.StepDefinitions.clickButtonCreate()&amp#27;[0m
  &amp#27;[32mThen &amp#27;[0m&amp#27;[32mCreate Issues for is opened&amp#27;[0m    &amp#27;[90m# stepdefinition.StepDefinitions.waitToOpenCreate()&amp#27;[0m
  &amp#27;[32mWhen &amp#27;[0m&amp#27;[32mI fill all mandatory fields&amp#27;[0m    &amp#27;[90m# stepdefinition.StepDefinitions.fillMandatoryFields()&amp#27;[0m
  &amp#27;[32mThen &amp#27;[0m&amp#27;[32mAn issues is create&amp#27;[0m            &amp#27;[90m# stepdefinition.StepDefinitions.bushButtonCreate()&amp#27;[0m
  &amp#27;[32mAnd &amp#27;[0m&amp#27;[32mThe issues number is shown&amp#27;[0m      &amp#27;[90m# stepdefinition.StepDefinitions.showsNumberIssues()&amp#27;[0m
]]></system-out>
    <system-err><![CDATA[сен 17, 2020 12:41:27 PM io.cucumber.junit.Cucumber <init>
WARNING: By default Cucumber is running in --non-strict mode.
This default will change to --strict and --non-strict will be removed.
You can use --strict or @CucumberOptions(strict = true) to suppress this warning
SLF4J: Failed to load class "org.slf4j.impl.StaticLoggerBinder".
SLF4J: Defaulting to no-operation (NOP) logger implementation
SLF4J: See http://www.slf4j.org/codes.html#StaticLoggerBinder for further details.
Starting ChromeDriver 85.0.4183.87 (cd6713ebf92fa1cacc0f1a598df280093af0c5d7-refs/branch-heads/4183@{#1689}) on port 4278
Only local connections are allowed.
Please see https://chromedriver.chromium.org/security-considerations for suggestions on keeping ChromeDriver safe.
ChromeDriver was started successfully.
сен 17, 2020 12:41:36 PM org.openqa.selenium.remote.ProtocolHandshake createSession
INFO: Detected dialect: W3C
]]></system-err>
  </testcase>
  <testcase name="Login to Jira" classname="Login To Jira" time="6.626">
    <system-out><![CDATA[
@Regression
Scenario: Login to Jira               &amp#27;[90m# src/test/resources/features/login.feature:6&amp#27;[0m
  &amp#27;[32mGiven &amp#27;[0m&amp#27;[32mI navigate to Jira Login Page&amp#27;[0m &amp#27;[90m# stepdefinition.StepDefinitions.navigateToLoginPage()&amp#27;[0m
  &amp#27;[32mAnd &amp#27;[0m&amp#27;[32mI enter user name - "&amp#27;[0m&amp#27;[32m&amp#27;[1mwebinar5&amp#27;[0m&amp#27;[32m"&amp#27;[0m  &amp#27;[90m# stepdefinition.StepDefinitions.enterUserName(java.lang.String)&amp#27;[0m
  &amp#27;[32mAnd &amp#27;[0m&amp#27;[32mI enter password - "&amp#27;[0m&amp#27;[32m&amp#27;[1mwebinar5&amp#27;[0m&amp#27;[32m"&amp#27;[0m   &amp#27;[90m# stepdefinition.StepDefinitions.enterPassword(java.lang.String)&amp#27;[0m
  &amp#27;[32mAnd &amp#27;[0m&amp#27;[32mI click on the login button&amp#27;[0m     &amp#27;[90m# stepdefinition.StepDefinitions.clickLoginButton()&amp#27;[0m
  &amp#27;[32mThen &amp#27;[0m&amp#27;[32mI am on the Home Page&amp#27;[0m          &amp#27;[90m# stepdefinition.StepDefinitions.atTheHomePage()&amp#27;[0m
]]></system-out>
    <system-err><![CDATA[Starting ChromeDriver 85.0.4183.87 (cd6713ebf92fa1cacc0f1a598df280093af0c5d7-refs/branch-heads/4183@{#1689}) on port 23307
Only local connections are allowed.
Please see https://chromedriver.chromium.org/security-considerations for suggestions on keeping ChromeDriver safe.
ChromeDriver was started successfully.
сен 17, 2020 12:41:55 PM org.openqa.selenium.remote.ProtocolHandshake createSession
INFO: Detected dialect: W3C
]]></system-err>
  </testcase>
</testsuite>